AttendaceApp/app/build/outputs/logs/manifest-merger-debug-report.txt
-- Merging decision tree log ---
manifest
ADDED from src\main\AndroidManifest.xml:2:1-52:12
	package
		ADDED from src\main\AndroidManifest.xml:3:5-29
		INJECTED from src\main\AndroidManifest.xml
		INJECTED from src\main\AndroidManifest.xml
	android:versionName
		ADDED from src\main\AndroidManifest.xml:5:5-30
		INJECTED from src\main\AndroidManifest.xml
		INJECTED from src\main\AndroidManifest.xml
	android:versionCode
		ADDED from src\main\AndroidManifest.xml:4:5-28
		INJECTED from src\main\AndroidManifest.xml
		INJECTED from src\main\AndroidManifest.xml
	xmlns:android
		ADDED from src\main\AndroidManifest.xml:2:11-69
uses-sdk
ADDED from src\main\AndroidManifest.xml:7:5-9:41
	android:targetSdkVersion
		ADDED from src\main\AndroidManifest.xml:9:9-38
		INJECTED from src\main\AndroidManifest.xml
		INJECTED from src\main\AndroidManifest.xml
	android:minSdkVersion
		ADDED from src\main\AndroidManifest.xml:8:9-35
		INJECTED from src\main\AndroidManifest.xml
		INJECTED from src\main\AndroidManifest.xml
android:uses-permission#android.permission.WRITE_EXTERNAL_STORAGE
ADDED from src\main\AndroidManifest.xml:11:5-89
	android:name
		ADDED from src\main\AndroidManifest.xml:11:30-86
android:uses-permission#android.permission.READ_PHONE_STATE
ADDED from src\main\AndroidManifest.xml:12:5-83
	android:name
		ADDED from src\main\AndroidManifest.xml:12:30-80
android:uses-permission#android.permission.READ_EXTERNAL_STORAGE
ADDED from src\main\AndroidManifest.xml:13:5-88
	android:name
		ADDED from src\main\AndroidManifest.xml:13:30-85
uses-permission#android.permission.CALL_PHONE
ADDED from src\main\AndroidManifest.xml:15:5-69
	android:name
		ADDED from src\main\AndroidManifest.xml:15:22-66
application
ADDED from src\main\AndroidManifest.xml:17:5-50:19
	android:label
		ADDED from src\main\AndroidManifest.xml:20:9-41
	android:allowBackup
		ADDED from src\main\AndroidManifest.xml:18:9-35
	android:icon
		ADDED from src\main\AndroidManifest.xml:19:9-45
	android:theme
		ADDED from src\main\AndroidManifest.xml:21:9-40
activity#com.example.db.splashscreen
ADDED from src\main\AndroidManifest.xml:22:9-28:20
	android:name
		ADDED from src\main\AndroidManifest.xml:22:19-47
intent-filter#android.intent.action.MAIN+android.intent.category.LAUNCHER
ADDED from src\main\AndroidManifest.xml:23:13-27:29
action#android.intent.action.MAIN
ADDED from src\main\AndroidManifest.xml:24:17-69
	android:name
		ADDED from src\main\AndroidManifest.xml:24:25-66
category#android.intent.category.LAUNCHER
ADDED from src\main\AndroidManifest.xml:26:17-77
	android:name
		ADDED from src\main\AndroidManifest.xml:26:27-74
activity#com.example.db.MainActivity
ADDED from src\main\AndroidManifest.xml:29:9-31:55
	android:label
		ADDED from src\main\AndroidManifest.xml:31:13-43
	android:name
		ADDED from src\main\AndroidManifest.xml:30:13-41
activity#com.example.db.AddStudentActivity
ADDED from src\main\AndroidManifest.xml:32:9-56
	android:name
		ADDED from src\main\AndroidManifest.xml:32:19-53
activity#com.example.db.AddTeacherActivity
ADDED from src\main\AndroidManifest.xml:33:9-56
	android:name
		ADDED from src\main\AndroidManifest.xml:33:19-53
activity#com.example.db.AdminLoginActivity
ADDED from src\main\AndroidManifest.xml:34:9-56
	android:name
		ADDED from src\main\AndroidManifest.xml:34:19-53
activity#com.example.db.AttendanceActivity
ADDED from src\main\AndroidManifest.xml:35:9-56
	android:name
		ADDED from src\main\AndroidManifest.xml:35:19-53
activity#com.example.db.TeacherActivity
ADDED from src\main\AndroidManifest.xml:36:9-53
	android:name
		ADDED from src\main\AndroidManifest.xml:36:19-50
activity#com.example.db.SelectAttendanceActivity
ADDED from src\main\AndroidManifest.xml:37:9-62
	android:name
		ADDED from src\main\AndroidManifest.xml:37:19-59
activity#com.example.db.AdminActivity
ADDED from src\main\AndroidManifest.xml:38:9-51
	android:name
		ADDED from src\main\AndroidManifest.xml:38:19-48
activity#com.example.db.AddActivity
ADDED from src\main\AndroidManifest.xml:39:9-49
	android:name
		ADDED from src\main\AndroidManifest.xml:39:19-46
activity#com.example.db.Edit_activity
ADDED from src\main\AndroidManifest.xml:40:9-51
	android:name
		ADDED from src\main\AndroidManifest.xml:40:19-48
activity#com.example.db.TeacherLoginActivity
ADDED from src\main\AndroidManifest.xml:41:9-58
	android:name
		ADDED from src\main\AndroidManifest.xml:41:19-55
activity#com.example.db.CheckAttendanceActivity
ADDED from src\main\AndroidManifest.xml:42:9-44:55
	android:windowSoftInputMode
		ADDED from src\main\AndroidManifest.xml:44:13-52
	android:name
		ADDED from src\main\AndroidManifest.xml:43:13-52
activity#com.example.db.CheckAttendanceActivityStd
ADDED from src\main\AndroidManifest.xml:45:9-47:55
	android:windowSoftInputMode
		ADDED from src\main\AndroidManifest.xml:47:13-52
	android:name
		ADDED from src\main\AndroidManifest.xml:46:13-55
activity#com.example.db.LessAttendenceActivity
ADDED from src\main\AndroidManifest.xml:48:9-60
	android:name
		ADDED from src\main\AndroidManifest.xml:48:19-57
activity#com.example.db.EditStudentActivity
ADDED from src\main\AndroidManifest.xml:49:9-66
	android:name
		ADDED from src\main\AndroidManifest.xml:49:19-54